<?xml version="1.0" encoding="UTF-8"?>
<testng-results total="3" passed="3" failed="0" skipped="0">
  <reporter-output>
  </reporter-output>
  <suite started-at="2023-09-22T14:49:55Z" name="Default suite" finished-at="2023-09-22T14:50:34Z" duration-ms="38992">
    <groups>
    </groups>
    <test started-at="2023-09-22T14:49:55Z" name="Default test" finished-at="2023-09-22T14:50:34Z" duration-ms="38992">
      <class name="com.tutorialsninja.qa.testcases.SearchTest">
        <test-method is-config="true" signature="setup()[pri:0, instance:com.tutorialsninja.qa.testcases.SearchTest@52f27fbd]" started-at="2023-09-22T20:19:55Z" name="setup" finished-at="2023-09-22T20:20:07Z" duration-ms="11945" status="PASS">
          <reporter-output>
          </reporter-output>
        </test-method> <!-- setup -->
        <test-method signature="verifySearchWithValidProduct()[pri:0, instance:com.tutorialsninja.qa.testcases.SearchTest@52f27fbd]" started-at="2023-09-22T20:20:07Z" name="verifySearchWithValidProduct" finished-at="2023-09-22T20:20:08Z" duration-ms="1004" status="PASS">
          <reporter-output>
          </reporter-output>
        </test-method> <!-- verifySearchWithValidProduct -->
        <test-method is-config="true" signature="tearDown()[pri:0, instance:com.tutorialsninja.qa.testcases.SearchTest@52f27fbd]" started-at="2023-09-22T20:20:08Z" name="tearDown" finished-at="2023-09-22T20:20:10Z" duration-ms="2146" status="PASS">
          <reporter-output>
          </reporter-output>
        </test-method> <!-- tearDown -->
        <test-method is-config="true" signature="setup()[pri:0, instance:com.tutorialsninja.qa.testcases.SearchTest@52f27fbd]" started-at="2023-09-22T20:20:10Z" name="setup" finished-at="2023-09-22T20:20:20Z" duration-ms="10009" status="PASS">
          <reporter-output>
          </reporter-output>
        </test-method> <!-- setup -->
        <test-method signature="verifySearchWithInvalidProduct()[pri:0, instance:com.tutorialsninja.qa.testcases.SearchTest@52f27fbd]" started-at="2023-09-22T20:20:20Z" name="verifySearchWithInvalidProduct" finished-at="2023-09-22T20:20:21Z" duration-ms="642" status="PASS">
          <reporter-output>
          </reporter-output>
        </test-method> <!-- verifySearchWithInvalidProduct -->
        <test-method is-config="true" signature="tearDown()[pri:0, instance:com.tutorialsninja.qa.testcases.SearchTest@52f27fbd]" started-at="2023-09-22T20:20:21Z" name="tearDown" finished-at="2023-09-22T20:20:23Z" duration-ms="2071" status="PASS">
          <reporter-output>
          </reporter-output>
        </test-method> <!-- tearDown -->
        <test-method is-config="true" signature="setup()[pri:0, instance:com.tutorialsninja.qa.testcases.SearchTest@52f27fbd]" started-at="2023-09-22T20:20:23Z" name="setup" finished-at="2023-09-22T20:20:31Z" duration-ms="8146" status="PASS">
          <reporter-output>
          </reporter-output>
        </test-method> <!-- setup -->
        <test-method signature="verifySearchWithoutAnyProduct()[pri:0, instance:com.tutorialsninja.qa.testcases.SearchTest@52f27fbd]" started-at="2023-09-22T20:20:31Z" name="verifySearchWithoutAnyProduct" finished-at="2023-09-22T20:20:31Z" depends-on-methods="com.tutorialsninja.qa.testcases.SearchTest.verifySearchWithValidProduct, com.tutorialsninja.qa.testcases.SearchTest.verifySearchWithInvalidProduct" duration-ms="589" status="PASS">
          <reporter-output>
          </reporter-output>
        </test-method> <!-- verifySearchWithoutAnyProduct -->
        <test-method is-config="true" signature="tearDown()[pri:0, instance:com.tutorialsninja.qa.testcases.SearchTest@52f27fbd]" started-at="2023-09-22T20:20:31Z" name="tearDown" finished-at="2023-09-22T20:20:34Z" duration-ms="2385" status="PASS">
          <reporter-output>
          </reporter-output>
        </test-method> <!-- tearDown -->
      </class> <!-- com.tutorialsninja.qa.testcases.SearchTest -->
    </test> <!-- Default test -->
  </suite> <!-- Default suite -->
</testng-results>
