<?xml version="1.0" encoding="UTF-8"?>
<testng-results total="12" passed="12" failed="0" skipped="0">
  <reporter-output>
  </reporter-output>
  <suite started-at="2023-10-06T07:44:02Z" name="TutorialsNinja Automation Suite" finished-at="2023-10-06T07:46:01Z" duration-ms="119560">
    <groups>
      <group name="smoke">
        <method signature="RegisterTest.verifyRegisteringAccountWithoutFillingAnyDetails()[pri:0, instance:com.tutorialsninja.qa.testcases.RegisterTest@eadd4fb]" name="verifyRegisteringAccountWithoutFillingAnyDetails" class="com.tutorialsninja.qa.testcases.RegisterTest"/>
      </group> <!-- smoke -->
      <group name="sanity">
        <method signature="RegisterTest.verifyRegisteringAccountWithExistingEmailAddress()[pri:0, instance:com.tutorialsninja.qa.testcases.RegisterTest@eadd4fb]" name="verifyRegisteringAccountWithExistingEmailAddress" class="com.tutorialsninja.qa.testcases.RegisterTest"/>
      </group> <!-- sanity -->
    </groups>
    <test started-at="2023-10-06T07:44:02Z" name="TutorialsNinja Parallel Tests" finished-at="2023-10-06T07:46:01Z" duration-ms="119560">
      <class name="com.tutorialsninja.qa.testcases.RegisterTest">
        <test-method is-config="true" signature="setup()[pri:0, instance:com.tutorialsninja.qa.testcases.RegisterTest@eadd4fb]" started-at="2023-10-06T13:14:02Z" name="setup" finished-at="2023-10-06T13:14:18Z" duration-ms="15331" status="PASS">
          <reporter-output>
          </reporter-output>
        </test-method> <!-- setup -->
        <test-method signature="verifyRegisteringAnAccountWithMandatoryFields()[pri:0, instance:com.tutorialsninja.qa.testcases.RegisterTest@eadd4fb]" started-at="2023-10-06T13:14:18Z" name="verifyRegisteringAnAccountWithMandatoryFields" finished-at="2023-10-06T13:14:20Z" duration-ms="1854" status="PASS">
          <reporter-output>
          </reporter-output>
        </test-method> <!-- verifyRegisteringAnAccountWithMandatoryFields -->
        <test-method is-config="true" signature="tearDown()[pri:0, instance:com.tutorialsninja.qa.testcases.RegisterTest@eadd4fb]" started-at="2023-10-06T13:14:20Z" name="tearDown" finished-at="2023-10-06T13:14:22Z" duration-ms="2540" status="PASS">
          <reporter-output>
          </reporter-output>
        </test-method> <!-- tearDown -->
        <test-method is-config="true" signature="setup()[pri:0, instance:com.tutorialsninja.qa.testcases.RegisterTest@eadd4fb]" started-at="2023-10-06T13:14:22Z" name="setup" finished-at="2023-10-06T13:14:39Z" duration-ms="16316" status="PASS">
          <reporter-output>
          </reporter-output>
        </test-method> <!-- setup -->
        <test-method signature="verifyRegisteringAccountByProvidingAllFields()[pri:0, instance:com.tutorialsninja.qa.testcases.RegisterTest@eadd4fb]" started-at="2023-10-06T13:14:39Z" name="verifyRegisteringAccountByProvidingAllFields" finished-at="2023-10-06T13:14:41Z" duration-ms="2392" status="PASS">
          <reporter-output>
          </reporter-output>
        </test-method> <!-- verifyRegisteringAccountByProvidingAllFields -->
        <test-method is-config="true" signature="tearDown()[pri:0, instance:com.tutorialsninja.qa.testcases.RegisterTest@eadd4fb]" started-at="2023-10-06T13:14:41Z" name="tearDown" finished-at="2023-10-06T13:14:43Z" duration-ms="2339" status="PASS">
          <reporter-output>
          </reporter-output>
        </test-method> <!-- tearDown -->
        <test-method is-config="true" signature="setup()[pri:0, instance:com.tutorialsninja.qa.testcases.RegisterTest@eadd4fb]" started-at="2023-10-06T13:14:43Z" name="setup" finished-at="2023-10-06T13:15:00Z" duration-ms="17119" status="PASS">
          <reporter-output>
          </reporter-output>
        </test-method> <!-- setup -->
        <test-method signature="verifyRegisteringAccountWithExistingEmailAddress()[pri:0, instance:com.tutorialsninja.qa.testcases.RegisterTest@eadd4fb]" started-at="2023-10-06T13:15:00Z" name="verifyRegisteringAccountWithExistingEmailAddress" finished-at="2023-10-06T13:15:04Z" duration-ms="3423" status="PASS">
          <reporter-output>
          </reporter-output>
        </test-method> <!-- verifyRegisteringAccountWithExistingEmailAddress -->
        <test-method is-config="true" signature="tearDown()[pri:0, instance:com.tutorialsninja.qa.testcases.RegisterTest@eadd4fb]" started-at="2023-10-06T13:15:04Z" name="tearDown" finished-at="2023-10-06T13:15:09Z" duration-ms="5192" status="PASS">
          <reporter-output>
          </reporter-output>
        </test-method> <!-- tearDown -->
        <test-method is-config="true" signature="setup()[pri:0, instance:com.tutorialsninja.qa.testcases.RegisterTest@eadd4fb]" started-at="2023-10-06T13:15:09Z" name="setup" finished-at="2023-10-06T13:15:20Z" duration-ms="11387" status="PASS">
          <reporter-output>
          </reporter-output>
        </test-method> <!-- setup -->
        <test-method signature="verifyRegisteringAccountWithoutFillingAnyDetails()[pri:0, instance:com.tutorialsninja.qa.testcases.RegisterTest@eadd4fb]" started-at="2023-10-06T13:15:20Z" name="verifyRegisteringAccountWithoutFillingAnyDetails" finished-at="2023-10-06T13:15:21Z" duration-ms="602" status="PASS">
          <reporter-output>
          </reporter-output>
        </test-method> <!-- verifyRegisteringAccountWithoutFillingAnyDetails -->
        <test-method is-config="true" signature="tearDown()[pri:0, instance:com.tutorialsninja.qa.testcases.RegisterTest@eadd4fb]" started-at="2023-10-06T13:15:21Z" name="tearDown" finished-at="2023-10-06T13:15:26Z" duration-ms="5400" status="PASS">
          <reporter-output>
          </reporter-output>
        </test-method> <!-- tearDown -->
      </class> <!-- com.tutorialsninja.qa.testcases.RegisterTest -->
      <class name="com.tutorialsninja.qa.testcases.LoginTest">
        <test-method is-config="true" signature="setup()[pri:0, instance:com.tutorialsninja.qa.testcases.LoginTest@4bdeaabb]" started-at="2023-10-06T13:15:03Z" name="setup" finished-at="2023-10-06T13:15:17Z" duration-ms="14112" status="PASS">
          <reporter-output>
          </reporter-output>
        </test-method> <!-- setup -->
        <test-method signature="verifyLoginWithInvalidCredentials()[pri:0, instance:com.tutorialsninja.qa.testcases.LoginTest@4bdeaabb]" started-at="2023-10-06T13:15:17Z" name="verifyLoginWithInvalidCredentials" finished-at="2023-10-06T13:15:18Z" duration-ms="780" status="PASS">
          <reporter-output>
          </reporter-output>
        </test-method> <!-- verifyLoginWithInvalidCredentials -->
        <test-method is-config="true" signature="tearDown()[pri:0, instance:com.tutorialsninja.qa.testcases.LoginTest@4bdeaabb]" started-at="2023-10-06T13:15:18Z" name="tearDown" finished-at="2023-10-06T13:15:21Z" duration-ms="2693" status="PASS">
          <reporter-output>
          </reporter-output>
        </test-method> <!-- tearDown -->
        <test-method is-config="true" signature="setup()[pri:0, instance:com.tutorialsninja.qa.testcases.LoginTest@4bdeaabb]" started-at="2023-10-06T13:15:21Z" name="setup" finished-at="2023-10-06T13:15:34Z" duration-ms="13504" status="PASS">
          <reporter-output>
          </reporter-output>
        </test-method> <!-- setup -->
        <test-method signature="verifyLoginWithInvalidEmailAndValidPassword()[pri:0, instance:com.tutorialsninja.qa.testcases.LoginTest@4bdeaabb]" started-at="2023-10-06T13:15:34Z" name="verifyLoginWithInvalidEmailAndValidPassword" finished-at="2023-10-06T13:15:35Z" duration-ms="845" status="PASS">
          <reporter-output>
          </reporter-output>
        </test-method> <!-- verifyLoginWithInvalidEmailAndValidPassword -->
        <test-method is-config="true" signature="tearDown()[pri:0, instance:com.tutorialsninja.qa.testcases.LoginTest@4bdeaabb]" started-at="2023-10-06T13:15:35Z" name="tearDown" finished-at="2023-10-06T13:15:38Z" duration-ms="2941" status="PASS">
          <reporter-output>
          </reporter-output>
        </test-method> <!-- tearDown -->
        <test-method is-config="true" signature="setup()[pri:0, instance:com.tutorialsninja.qa.testcases.LoginTest@4bdeaabb]" started-at="2023-10-06T13:15:38Z" name="setup" finished-at="2023-10-06T13:15:49Z" duration-ms="10614" status="PASS">
          <reporter-output>
          </reporter-output>
        </test-method> <!-- setup -->
        <test-method signature="verifyLoginWithValidEmailAndInvalidPassword()[pri:0, instance:com.tutorialsninja.qa.testcases.LoginTest@4bdeaabb]" started-at="2023-10-06T13:15:49Z" name="verifyLoginWithValidEmailAndInvalidPassword" finished-at="2023-10-06T13:15:49Z" duration-ms="600" status="PASS">
          <reporter-output>
          </reporter-output>
        </test-method> <!-- verifyLoginWithValidEmailAndInvalidPassword -->
        <test-method is-config="true" signature="tearDown()[pri:0, instance:com.tutorialsninja.qa.testcases.LoginTest@4bdeaabb]" started-at="2023-10-06T13:15:49Z" name="tearDown" finished-at="2023-10-06T13:15:51Z" duration-ms="1643" status="PASS">
          <reporter-output>
          </reporter-output>
        </test-method> <!-- tearDown -->
        <test-method is-config="true" signature="setup()[pri:0, instance:com.tutorialsninja.qa.testcases.LoginTest@4bdeaabb]" started-at="2023-10-06T13:15:51Z" name="setup" finished-at="2023-10-06T13:15:59Z" duration-ms="8221" status="PASS">
          <reporter-output>
          </reporter-output>
        </test-method> <!-- setup -->
        <test-method signature="verifyLoginWithoutProvidingCredentials()[pri:0, instance:com.tutorialsninja.qa.testcases.LoginTest@4bdeaabb]" started-at="2023-10-06T13:15:59Z" name="verifyLoginWithoutProvidingCredentials" finished-at="2023-10-06T13:16:00Z" duration-ms="824" status="PASS">
          <reporter-output>
          </reporter-output>
        </test-method> <!-- verifyLoginWithoutProvidingCredentials -->
        <test-method is-config="true" signature="tearDown()[pri:0, instance:com.tutorialsninja.qa.testcases.LoginTest@4bdeaabb]" started-at="2023-10-06T13:16:00Z" name="tearDown" finished-at="2023-10-06T13:16:01Z" duration-ms="1408" status="PASS">
          <reporter-output>
          </reporter-output>
        </test-method> <!-- tearDown -->
      </class> <!-- com.tutorialsninja.qa.testcases.LoginTest -->
      <class name="com.tutorialsninja.qa.testcases.SearchTest">
        <test-method is-config="true" signature="setup()[pri:0, instance:com.tutorialsninja.qa.testcases.SearchTest@740fb309]" started-at="2023-10-06T13:14:02Z" name="setup" finished-at="2023-10-06T13:14:16Z" duration-ms="13618" status="PASS">
          <reporter-output>
          </reporter-output>
        </test-method> <!-- setup -->
        <test-method signature="verifySearchWithValidProductAfterLogin()[pri:0, instance:com.tutorialsninja.qa.testcases.SearchTest@740fb309]" started-at="2023-10-06T13:14:16Z" name="verifySearchWithValidProductAfterLogin" finished-at="2023-10-06T13:14:22Z" duration-ms="5538" status="PASS">
          <reporter-output>
          </reporter-output>
        </test-method> <!-- verifySearchWithValidProductAfterLogin -->
        <test-method is-config="true" signature="tearDown()[pri:0, instance:com.tutorialsninja.qa.testcases.SearchTest@740fb309]" started-at="2023-10-06T13:14:22Z" name="tearDown" finished-at="2023-10-06T13:14:24Z" duration-ms="2647" status="PASS">
          <reporter-output>
          </reporter-output>
        </test-method> <!-- tearDown -->
        <test-method is-config="true" signature="setup()[pri:0, instance:com.tutorialsninja.qa.testcases.SearchTest@740fb309]" started-at="2023-10-06T13:14:24Z" name="setup" finished-at="2023-10-06T13:14:38Z" duration-ms="13638" status="PASS">
          <reporter-output>
          </reporter-output>
        </test-method> <!-- setup -->
        <test-method signature="verifySearchWithValidProduct()[pri:0, instance:com.tutorialsninja.qa.testcases.SearchTest@740fb309]" started-at="2023-10-06T13:14:38Z" name="verifySearchWithValidProduct" finished-at="2023-10-06T13:14:40Z" duration-ms="2409" status="PASS">
          <reporter-output>
          </reporter-output>
        </test-method> <!-- verifySearchWithValidProduct -->
        <test-method is-config="true" signature="tearDown()[pri:0, instance:com.tutorialsninja.qa.testcases.SearchTest@740fb309]" started-at="2023-10-06T13:14:40Z" name="tearDown" finished-at="2023-10-06T13:14:43Z" duration-ms="2780" status="PASS">
          <reporter-output>
          </reporter-output>
        </test-method> <!-- tearDown -->
        <test-method is-config="true" signature="setup()[pri:0, instance:com.tutorialsninja.qa.testcases.SearchTest@740fb309]" started-at="2023-10-06T13:14:43Z" name="setup" finished-at="2023-10-06T13:14:58Z" duration-ms="14607" status="PASS">
          <reporter-output>
          </reporter-output>
        </test-method> <!-- setup -->
        <test-method signature="verifySearchWithInvalidProduct()[pri:0, instance:com.tutorialsninja.qa.testcases.SearchTest@740fb309]" started-at="2023-10-06T13:14:58Z" name="verifySearchWithInvalidProduct" finished-at="2023-10-06T13:14:59Z" duration-ms="1317" status="PASS">
          <reporter-output>
          </reporter-output>
        </test-method> <!-- verifySearchWithInvalidProduct -->
        <test-method is-config="true" signature="tearDown()[pri:0, instance:com.tutorialsninja.qa.testcases.SearchTest@740fb309]" started-at="2023-10-06T13:14:59Z" name="tearDown" finished-at="2023-10-06T13:15:03Z" duration-ms="4204" status="PASS">
          <reporter-output>
          </reporter-output>
        </test-method> <!-- tearDown -->
        <test-method is-config="true" signature="setup()[pri:0, instance:com.tutorialsninja.qa.testcases.SearchTest@740fb309]" started-at="2023-10-06T13:15:26Z" name="setup" finished-at="2023-10-06T13:15:37Z" duration-ms="10500" status="PASS">
          <reporter-output>
          </reporter-output>
        </test-method> <!-- setup -->
        <test-method signature="verifySearchWithoutAnyProduct()[pri:0, instance:com.tutorialsninja.qa.testcases.SearchTest@740fb309]" started-at="2023-10-06T13:15:37Z" name="verifySearchWithoutAnyProduct" finished-at="2023-10-06T13:15:37Z" depends-on-methods="com.tutorialsninja.qa.testcases.SearchTest.verifySearchWithValidProduct, com.tutorialsninja.qa.testcases.SearchTest.verifySearchWithInvalidProduct" duration-ms="580" status="PASS">
          <reporter-output>
          </reporter-output>
        </test-method> <!-- verifySearchWithoutAnyProduct -->
        <test-method is-config="true" signature="tearDown()[pri:0, instance:com.tutorialsninja.qa.testcases.SearchTest@740fb309]" started-at="2023-10-06T13:15:37Z" name="tearDown" finished-at="2023-10-06T13:15:41Z" duration-ms="3841" status="PASS">
          <reporter-output>
          </reporter-output>
        </test-method> <!-- tearDown -->
      </class> <!-- com.tutorialsninja.qa.testcases.SearchTest -->
    </test> <!-- TutorialsNinja Parallel Tests -->
  </suite> <!-- TutorialsNinja Automation Suite -->
</testng-results>
